<?xml version="1.0" encoding="UTF-8"?>
<!-- Generated by org.testng.reporters.JUnitReportReporter -->
<testsuite hostname="DESKTOP-3J7H24P" failures="0" tests="2" name="cucumberOptions.TestNGRunner" time="0.197" errors="0" timestamp="2024-07-11T17:10:36 IST" skipped="0">
  <testcase classname="cucumberOptions.TestNGRunner" name="runScenario" time="0.160"/>
  <testcase classname="cucumberOptions.TestNGRunner" name="runScenario" time="0.037"/>
</testsuite> <!-- cucumberOptions.TestNGRunner -->
